<?xml version="1.0" encoding="UTF-8"?>
<!-- Generated by org.testng.reporters.JUnitXMLReporter -->
<testsuite hostname="xd-w7x32-397" ignored="1" name="LogInTest-FF" tests="1" failures="0" timestamp="30 May 2017 17:25:22 GMT" time="35.937" errors="0">
  <testcase name="positiveLoginTest" time="17.252" classname="com.bts.LoginTest"/>
  <testcase name="negativeLoginTest" time="0.0" classname="com.bts.LoginTest">
    <ignored/>
  </testcase> <!-- negativeLoginTest -->
</testsuite> <!-- LogInTest-FF -->
