<?xml version="1.0" encoding="UTF-8"?>
<!-- Generated by org.testng.reporters.JUnitXMLReporter -->
<testsuite hostname="xd-w7x32-253" ignored="1" name="LogInTest" tests="1" failures="0" timestamp="22 May 2017 16:46:03 GMT" time="16.216" errors="0">
  <testcase name="negativeLoginTest" time="6.015" classname="com.bts.LoginTest"/>
  <testcase name="positiveLoginTest" time="0.0" classname="com.bts.LoginTest">
    <ignored/>
  </testcase> <!-- positiveLoginTest -->
</testsuite> <!-- LogInTest -->
